<?xml version="1.0" encoding="UTF-8"?>
<!-- Generated by org.testng.reporters.JUnitXMLReporter -->
<testsuite hostname="DESKTOP-U3UA2VB" ignored="0" name="Default test" tests="2" failures="0" timestamp="2020-12-18T22:12:32 IST" time="22.604" errors="0">
  <testcase name="googleResultCountTest" time="0.031" classname="com.qa.flipkart.tests.GoogleResultTest"/>
  <testcase name="googleResultLinkTest" time="5.351" classname="com.qa.flipkart.tests.GoogleResultTest"/>
</testsuite> <!-- Default test -->
