<?xml version="1.0" encoding="UTF-8"?>
<!-- Generated by org.testng.reporters.JUnitXMLReporter -->
<testsuite hostname="DESKTOP-U3UA2VB" ignored="0" name="AccountPage Test" tests="2" failures="0" timestamp="2020-11-30T21:22:38 IST" time="7.932" errors="0">
  <testcase name="@BeforeClass searchResultSetup" time="0.001" classname="com.qa.flipkart.tests.GoogleResultTest">
    <failure type="java.lang.NullPointerException">
      <![CDATA[java.lang.NullPointerException
at com.qa.flipkart.tests.GoogleResultTest.searchResultSetup(GoogleResultTest.java:14)
at java.util.ArrayList.forEach(ArrayList.java:1259)
... Removed 25 stack frames]]>
    </failure>
  </testcase> <!-- @BeforeClass searchResultSetup -->
  <testcase name="@AfterTest tearDown" time="-1.606751558151E9" classname="com.qa.flipkart.base.BaseTest">
    <skipped/>
  </testcase> <!-- @AfterTest tearDown -->
  <testcase name="googleResultCountTest" time="0.0" classname="com.qa.flipkart.tests.GoogleResultTest">
    <skipped/>
  </testcase> <!-- googleResultCountTest -->
  <testcase name="googleResultLinkTest" time="0.0" classname="com.qa.flipkart.tests.GoogleResultTest">
    <skipped/>
  </testcase> <!-- googleResultLinkTest -->
</testsuite> <!-- AccountPage Test -->
