<?xml version="1.0" encoding="UTF-8"?>
<!-- Generated by org.testng.reporters.JUnitXMLReporter -->
<testsuite hostname="DESKTOP-U3UA2VB" ignored="0" name="Add To Cart Test" tests="6" failures="6" timestamp="2020-11-30T18:27:17 IST" time="10.455" errors="0">
  <testcase name="verifyAddToCartPageTitleTest" time="0.01" classname="com.qa.corpository.tests.AddToCartTest">
    <failure type="java.lang.NullPointerException">
      <![CDATA[java.lang.NullPointerException
at com.qa.corpository.tests.AddToCartTest.verifyAddToCartPageTitleTest(AddToCartTest.java:19)
at java.util.ArrayList.forEach(ArrayList.java:1259)
... Removed 27 stack frames]]>
    </failure>
  </testcase> <!-- verifyAddToCartPageTitleTest -->
  <testcase name="verifyProductModel" time="0.001" classname="com.qa.corpository.tests.AddToCartTest">
    <failure type="java.lang.NullPointerException">
      <![CDATA[java.lang.NullPointerException
at com.qa.corpository.tests.AddToCartTest.verifyProductModel(AddToCartTest.java:33)
at java.util.ArrayList.forEach(ArrayList.java:1259)
... Removed 27 stack frames]]>
    </failure>
  </testcase> <!-- verifyProductModel -->
  <testcase name="verifyProductName" time="0.001" classname="com.qa.corpository.tests.AddToCartTest">
    <failure type="java.lang.NullPointerException">
      <![CDATA[java.lang.NullPointerException
at com.qa.corpository.tests.AddToCartTest.verifyProductName(AddToCartTest.java:26)
at java.util.ArrayList.forEach(ArrayList.java:1259)
... Removed 27 stack frames]]>
    </failure>
  </testcase> <!-- verifyProductName -->
  <testcase name="verifyProductPrice" time="0.005" classname="com.qa.corpository.tests.AddToCartTest">
    <failure type="java.lang.NullPointerException">
      <![CDATA[java.lang.NullPointerException
at com.qa.corpository.tests.AddToCartTest.verifyProductPrice(AddToCartTest.java:47)
at java.util.ArrayList.forEach(ArrayList.java:1259)
... Removed 27 stack frames]]>
    </failure>
  </testcase> <!-- verifyProductPrice -->
  <testcase name="verifyProductQuantity" time="0.0" classname="com.qa.corpository.tests.AddToCartTest">
    <failure type="java.lang.NullPointerException">
      <![CDATA[java.lang.NullPointerException
at com.qa.corpository.tests.AddToCartTest.verifyProductQuantity(AddToCartTest.java:40)
at java.util.ArrayList.forEach(ArrayList.java:1259)
... Removed 27 stack frames]]>
    </failure>
  </testcase> <!-- verifyProductQuantity -->
  <testcase name="verifyProductUnitPrice" time="0.001" classname="com.qa.corpository.tests.AddToCartTest">
    <failure type="java.lang.NullPointerException">
      <![CDATA[java.lang.NullPointerException
at com.qa.corpository.tests.AddToCartTest.verifyProductUnitPrice(AddToCartTest.java:54)
at java.util.ArrayList.forEach(ArrayList.java:1259)
... Removed 27 stack frames]]>
    </failure>
  </testcase> <!-- verifyProductUnitPrice -->
</testsuite> <!-- Add To Cart Test -->
