<?xml version="1.0" encoding="UTF-8"?>
<!-- Generated by org.testng.reporters.JUnitXMLReporter -->
<testsuite hostname="DESKTOP-U3UA2VB" ignored="0" name="GoogleSearchTest" tests="2" failures="2" timestamp="2020-11-30T21:22:30 IST" time="11.954" errors="0">
  <testcase name="googleTitleTest" time="0.07" classname="com.qa.flipkart.tests.GoogleSearchTest">
    <failure type="java.lang.NullPointerException">
      <![CDATA[java.lang.NullPointerException
at com.qa.flipkart.tests.GoogleSearchTest.googleTitleTest(GoogleSearchTest.java:13)
at java.util.ArrayList.forEach(ArrayList.java:1259)
... Removed 27 stack frames]]>
    </failure>
  </testcase> <!-- googleTitleTest -->
  <testcase name="googleSearchTest" time="0.003" classname="com.qa.flipkart.tests.GoogleSearchTest">
    <failure type="java.lang.NullPointerException">
      <![CDATA[java.lang.NullPointerException
at com.qa.flipkart.tests.GoogleSearchTest.googleSearchTest(GoogleSearchTest.java:19)
at java.util.ArrayList.forEach(ArrayList.java:1259)
... Removed 27 stack frames]]>
    </failure>
  </testcase> <!-- googleSearchTest -->
</testsuite> <!-- GoogleSearchTest -->
