<?xml version="1.0" encoding="UTF-8"?>
<!-- Generated by org.testng.reporters.JUnitXMLReporter -->
<testsuite hostname="DESKTOP-U3UA2VB" ignored="0" name="LoginPage Test" tests="9" failures="0" timestamp="2020-11-30T18:26:12 IST" time="11.273" errors="0">
  <testcase name="verifyLoginPageTitleTest" time="0.049" classname="com.qa.corpository.tests.LoginPageTest"/>
  <testcase name="verifySerachFieldAvaibility" time="0.146" classname="com.qa.corpository.tests.LoginPageTest"/>
  <testcase name="verifyHeaderMenuLink" time="0.065" classname="com.qa.corpository.tests.LoginPageTest"/>
  <testcase name="verifyHeaderMenuList" time="0.226" classname="com.qa.corpository.tests.LoginPageTest"/>
  <testcase name="verifyRightMenucount" time="0.037" classname="com.qa.corpository.tests.LoginPageTest"/>
  <testcase name="verifyRightMenuList" time="0.258" classname="com.qa.corpository.tests.LoginPageTest"/>
  <testcase name="verifyFooterSectioncount" time="0.022" classname="com.qa.corpository.tests.LoginPageTest"/>
  <testcase name="verifyFooterSectionList" time="0.094" classname="com.qa.corpository.tests.LoginPageTest"/>
  <testcase name="verifyLoginTest" time="0.664" classname="com.qa.corpository.tests.LoginPageTest"/>
</testsuite> <!-- LoginPage Test -->
