<?xml version="1.0" encoding="UTF-8"?>
<!-- Generated by org.testng.reporters.JUnitXMLReporter -->
<testsuite hostname="DESKTOP-U3UA2VB" ignored="0" name="RegistrationPage Test" tests="3" failures="0" timestamp="2020-11-30T14:51:33 IST" time="13.401" errors="0">
  <testcase name="verifyUserRegistrationDetails" time="1.735" classname="com.qa.corpository.tests.RegistrationTest"/>
  <testcase name="verifyUserRegistrationDetails" time="1.158" classname="com.qa.corpository.tests.RegistrationTest"/>
  <testcase name="verifyUserRegistrationDetails" time="0.975" classname="com.qa.corpository.tests.RegistrationTest"/>
</testsuite> <!-- RegistrationPage Test -->
